<?xml version="1.0" encoding="UTF-8"?>
<testng-results ignored="0" total="1" passed="1" failed="0" skipped="0">
  <reporter-output>
  </reporter-output>
  <suite started-at="2024-03-08T17:24:10 EET" name="Default suite" finished-at="2024-03-08T17:24:35 EET" duration-ms="25651">
    <groups>
    </groups>
    <test started-at="2024-03-08T17:24:10 EET" name="Default test" finished-at="2024-03-08T17:24:35 EET" duration-ms="25651">
      <class name="tests.Test">
        <test-method is-config="true" signature="startDriver()[pri:0, instance:tests.Test@33ecda92]" started-at="2024-03-08T17:24:10 EET" name="startDriver" finished-at="2024-03-08T17:24:26 EET" duration-ms="15861" status="PASS">
          <reporter-output>
          </reporter-output>
        </test-method> <!-- startDriver -->
        <test-method signature="openApp()[pri:0, instance:tests.Test@33ecda92]" started-at="2024-03-08T17:24:26 EET" name="openApp" finished-at="2024-03-08T17:24:35 EET" duration-ms="9727" status="PASS">
          <reporter-output>
          </reporter-output>
        </test-method> <!-- openApp -->
      </class> <!-- tests.Test -->
    </test> <!-- Default test -->
  </suite> <!-- Default suite -->
</testng-results>
