<?xml version="1.0" encoding="UTF-8"?>
<testng-results skipped="0" failed="0" ignored="0" total="1" passed="1">
  <reporter-output>
  </reporter-output>
  <suite name="Suite" duration-ms="21960" started-at="2024-03-09T03:16:13 EET" finished-at="2024-03-09T03:16:35 EET">
    <groups>
    </groups>
    <test name="Test" duration-ms="21960" started-at="2024-03-09T03:16:13 EET" finished-at="2024-03-09T03:16:35 EET">
      <class name="tests.LoginTest">
        <test-method status="PASS" signature="setUp()[pri:0, instance:tests.LoginTest@3fd7a715]" name="setUp" is-config="true" duration-ms="14227" started-at="2024-03-09T03:16:13 EET" finished-at="2024-03-09T03:16:27 EET">
          <reporter-output>
          </reporter-output>
        </test-method> <!-- setUp -->
        <test-method status="PASS" signature="openLoginScreen()[pri:0, instance:tests.LoginTest@3fd7a715]" name="openLoginScreen" duration-ms="6833" started-at="2024-03-09T03:16:27 EET" finished-at="2024-03-09T03:16:34 EET">
          <reporter-output>
          </reporter-output>
        </test-method> <!-- openLoginScreen -->
        <test-method status="PASS" signature="tearDown()[pri:0, instance:tests.LoginTest@3fd7a715]" name="tearDown" is-config="true" duration-ms="816" started-at="2024-03-09T03:16:34 EET" finished-at="2024-03-09T03:16:35 EET">
          <reporter-output>
          </reporter-output>
        </test-method> <!-- tearDown -->
      </class> <!-- tests.LoginTest -->
    </test> <!-- Test -->
  </suite> <!-- Suite -->
</testng-results>
